[07:04:50] [Client thread/ERROR]: Can't find the resource index file: assets/indexes/1.8.json
[07:04:50] [Client thread/INFO]: Setting user: Player223
[07:04:51] [Client thread/INFO]: LWJGL Version: 2.9.4
[07:04:51] [Client thread/INFO]: Reloading ResourceManager: Default
[07:04:51] [Client thread/WARN]: Missing sound for event: minecraft:ambient.cave
[07:04:51] [Client thread/WARN]: Missing sound for event: minecraft:block.anvil.break
[07:04:51] [Client thread/WARN]: Missing sound for event: minecraft:block.anvil.destroy
[07:04:51] [Client thread/WARN]: Missing sound for event: minecraft:block.anvil.fall
[07:04:51] [Client thread/WARN]: Missing sound for event: minecraft:block.anvil.hit
[07:04:51] [Client thread/WARN]: Missing sound for event: minecraft:block.anvil.land
[07:04:51] [Client thread/WARN]: Missing sound for event: minecraft:block.anvil.place
[07:04:51] [Client thread/WARN]: Missing sound for event: minecraft:block.anvil.step
[07:04:51] [Client thread/WARN]: Missing sound for event: minecraft:block.anvil.use
[07:04:51] [Client thread/WARN]: Missing sound for event: minecraft:block.brewing_stand.brew
[07:04:51] [Client thread/WARN]: Missing sound for event: minecraft:block.chest.close
[07:04:51] [Client thread/WARN]: Missing sound for event: minecraft:block.chest.locked
[07:04:51] [Client thread/WARN]: Missing sound for event: minecraft:block.chest.open
[07:04:51] [Client thread/WARN]: Missing sound for event: minecraft:block.chorus_flower.death
[07:04:51] [Client thread/WARN]: Missing sound for event: minecraft:block.chorus_flower.grow
[07:04:51] [Client thread/WARN]: Missing sound for event: minecraft:block.cloth.break
[07:04:51] [Client thread/WARN]: Missing sound for event: minecraft:block.cloth.fall
[07:04:51] [Client thread/WARN]: Missing sound for event: minecraft:block.cloth.hit
[07:04:51] [Client thread/WARN]: Missing sound for event: minecraft:block.cloth.place
[07:04:51] [Client thread/WARN]: Missing sound for event: minecraft:block.cloth.step
[07:04:51] [Client thread/WARN]: Missing sound for event: minecraft:block.comparator.click
[07:04:51] [Client thread/WARN]: Missing sound for event: minecraft:block.dispenser.dispense
[07:04:51] [Client thread/WARN]: Missing sound for event: minecraft:block.dispenser.fail
[07:04:51] [Client thread/WARN]: Missing sound for event: minecraft:block.dispenser.launch
[07:04:51] [Client thread/WARN]: Missing sound for event: minecraft:block.end_gateway.spawn
[07:04:51] [Client thread/WARN]: Missing sound for event: minecraft:block.enderchest.close
[07:04:51] [Client thread/WARN]: Missing sound for event: minecraft:block.enderchest.open
[07:04:51] [Client thread/WARN]: Missing sound for event: minecraft:block.fence_gate.close
[07:04:51] [Client thread/WARN]: Missing sound for event: minecraft:block.fence_gate.open
[07:04:51] [Client thread/WARN]: Missing sound for event: minecraft:block.fire.ambient
[07:04:51] [Client thread/WARN]: Missing sound for event: minecraft:block.fire.extinguish
[07:04:51] [Client thread/WARN]: Missing sound for event: minecraft:block.furnace.fire_crackle
[07:04:51] [Client thread/WARN]: Missing sound for event: minecraft:block.glass.break
[07:04:51] [Client thread/WARN]: Missing sound for event: minecraft:block.glass.fall
[07:04:51] [Client thread/WARN]: Missing sound for event: minecraft:block.glass.hit
[07:04:51] [Client thread/WARN]: Missing sound for event: minecraft:block.glass.place
[07:04:51] [Client thread/WARN]: Missing sound for event: minecraft:block.glass.step
[07:04:51] [Client thread/WARN]: Missing sound for event: minecraft:block.grass.break
[07:04:51] [Client thread/WARN]: Missing sound for event: minecraft:block.grass.fall
[07:04:51] [Client thread/WARN]: Missing sound for event: minecraft:block.grass.hit
[07:04:51] [Client thread/WARN]: Missing sound for event: minecraft:block.grass.place
[07:04:51] [Client thread/WARN]: Missing sound for event: minecraft:block.grass.step
[07:04:51] [Client thread/WARN]: Missing sound for event: minecraft:block.gravel.break
[07:04:51] [Client thread/WARN]: Missing sound for event: minecraft:block.gravel.fall
[07:04:51] [Client thread/WARN]: Missing sound for event: minecraft:block.gravel.hit
[07:04:51] [Client thread/WARN]: Missing sound for event: minecraft:block.gravel.place
[07:04:51] [Client thread/WARN]: Missing sound for event: minecraft:block.gravel.step
[07:04:51] [Client thread/WARN]: Missing sound for event: minecraft:block.iron_door.close
[07:04:51] [Client thread/WARN]: Missing sound for event: minecraft:block.iron_door.open
[07:04:51] [Client thread/WARN]: Missing sound for event: minecraft:block.iron_trapdoor.close
[07:04:51] [Client thread/WARN]: Missing sound for event: minecraft:block.iron_trapdoor.open
[07:04:51] [Client thread/WARN]: Missing sound for event: minecraft:block.ladder.break
[07:04:51] [Client thread/WARN]: Missing sound for event: minecraft:block.ladder.fall
[07:04:51] [Client thread/WARN]: Missing sound for event: minecraft:block.ladder.hit
[07:04:51] [Client thread/WARN]: Missing sound for event: minecraft:block.ladder.place
[07:04:51] [Client thread/WARN]: Missing sound for event: minecraft:block.ladder.step
[07:04:51] [Client thread/WARN]: Missing sound for event: minecraft:block.lava.ambient
[07:04:51] [Client thread/WARN]: Missing sound for event: minecraft:block.lava.extinguish
[07:04:51] [Client thread/WARN]: Missing sound for event: minecraft:block.lava.pop
[07:04:51] [Client thread/WARN]: Missing sound for event: minecraft:block.lever.click
[07:04:51] [Client thread/WARN]: Missing sound for event: minecraft:block.metal.break
[07:04:51] [Client thread/WARN]: Missing sound for event: minecraft:block.metal.fall
[07:04:51] [Client thread/WARN]: Missing sound for event: minecraft:block.metal.hit
[07:04:51] [Client thread/WARN]: Missing sound for event: minecraft:block.metal.place
[07:04:51] [Client thread/WARN]: Missing sound for event: minecraft:block.metal.step
[07:04:51] [Client thread/WARN]: Missing sound for event: minecraft:block.metal_pressureplate.click_off
[07:04:51] [Client thread/WARN]: Missing sound for event: minecraft:block.metal_pressureplate.click_on
[07:04:51] [Client thread/WARN]: Missing sound for event: minecraft:block.note.basedrum
[07:04:51] [Client thread/WARN]: Missing sound for event: minecraft:block.note.bass
[07:04:51] [Client thread/WARN]: Missing sound for event: minecraft:block.note.harp
[07:04:51] [Client thread/WARN]: Missing sound for event: minecraft:block.note.hat
[07:04:51] [Client thread/WARN]: Missing sound for event: minecraft:block.note.pling
[07:04:51] [Client thread/WARN]: Missing sound for event: minecraft:block.note.snare
[07:04:51] [Client thread/WARN]: Missing sound for event: minecraft:block.piston.contract
[07:04:51] [Client thread/WARN]: Missing sound for event: minecraft:block.piston.extend
[07:04:51] [Client thread/WARN]: Missing sound for event: minecraft:block.portal.ambient
[07:04:51] [Client thread/WARN]: Missing sound for event: minecraft:block.portal.travel
[07:04:51] [Client thread/WARN]: Missing sound for event: minecraft:block.portal.trigger
[07:04:51] [Client thread/WARN]: Missing sound for event: minecraft:block.redstone_torch.burnout
[07:04:51] [Client thread/WARN]: Missing sound for event: minecraft:block.sand.break
[07:04:51] [Client thread/WARN]: Missing sound for event: minecraft:block.sand.fall
[07:04:51] [Client thread/WARN]: Missing sound for event: minecraft:block.sand.hit
[07:04:51] [Client thread/WARN]: Missing sound for event: minecraft:block.sand.place
[07:04:51] [Client thread/WARN]: Missing sound for event: minecraft:block.sand.step
[07:04:51] [Client thread/WARN]: Missing sound for event: minecraft:block.slime.break
[07:04:51] [Client thread/WARN]: Missing sound for event: minecraft:block.slime.fall
[07:04:51] [Client thread/WARN]: Missing sound for event: minecraft:block.slime.hit
[07:04:51] [Client thread/WARN]: Missing sound for event: minecraft:block.slime.place
[07:04:51] [Client thread/WARN]: Missing sound for event: minecraft:block.slime.step
[07:04:51] [Client thread/WARN]: Missing sound for event: minecraft:block.snow.break
[07:04:51] [Client thread/WARN]: Missing sound for event: minecraft:block.snow.fall
[07:04:51] [Client thread/WARN]: Missing sound for event: minecraft:block.snow.hit
[07:04:51] [Client thread/WARN]: Missing sound for event: minecraft:block.snow.place
[07:04:51] [Client thread/WARN]: Missing sound for event: minecraft:block.snow.step
[07:04:51] [Client thread/WARN]: Missing sound for event: minecraft:block.stone.break
[07:04:51] [Client thread/WARN]: Missing sound for event: minecraft:block.stone.fall
[07:04:51] [Client thread/WARN]: Missing sound for event: minecraft:block.stone.hit
[07:04:51] [Client thread/WARN]: Missing sound for event: minecraft:block.stone.place
[07:04:51] [Client thread/WARN]: Missing sound for event: minecraft:block.stone.step
[07:04:51] [Client thread/WARN]: Missing sound for event: minecraft:block.stone_button.click_off
[07:04:51] [Client thread/WARN]: Missing sound for event: minecraft:block.stone_button.click_on
[07:04:51] [Client thread/WARN]: Missing sound for event: minecraft:block.stone_pressureplate.click_off
[07:04:51] [Client thread/WARN]: Missing sound for event: minecraft:block.stone_pressureplate.click_on
[07:04:51] [Client thread/WARN]: Missing sound for event: minecraft:block.tripwire.attach
[07:04:51] [Client thread/WARN]: Missing sound for event: minecraft:block.tripwire.click_off
[07:04:51] [Client thread/WARN]: Missing sound for event: minecraft:block.tripwire.click_on
[07:04:51] [Client thread/WARN]: Missing sound for event: minecraft:block.tripwire.detach
[07:04:51] [Client thread/WARN]: Missing sound for event: minecraft:block.water.ambient
[07:04:51] [Client thread/WARN]: Missing sound for event: minecraft:block.waterlily.place
[07:04:51] [Client thread/WARN]: Missing sound for event: minecraft:block.wood.break
[07:04:51] [Client thread/WARN]: Missing sound for event: minecraft:block.wood.fall
[07:04:51] [Client thread/WARN]: Missing sound for event: minecraft:block.wood.hit
[07:04:51] [Client thread/WARN]: Missing sound for event: minecraft:block.wood.place
[07:04:51] [Client thread/WARN]: Missing sound for event: minecraft:block.wood.step
[07:04:51] [Client thread/WARN]: Missing sound for event: minecraft:block.wood_button.click_off
[07:04:51] [Client thread/WARN]: Missing sound for event: minecraft:block.wood_button.click_on
[07:04:51] [Client thread/WARN]: Missing sound for event: minecraft:block.wood_pressureplate.click_off
[07:04:51] [Client thread/WARN]: Missing sound for event: minecraft:block.wood_pressureplate.click_on
[07:04:51] [Client thread/WARN]: Missing sound for event: minecraft:block.wooden_door.close
[07:04:51] [Client thread/WARN]: Missing sound for event: minecraft:block.wooden_door.open
[07:04:51] [Client thread/WARN]: Missing sound for event: minecraft:block.wooden_trapdoor.close
[07:04:51] [Client thread/WARN]: Missing sound for event: minecraft:block.wooden_trapdoor.open
[07:04:51] [Client thread/WARN]: Missing sound for event: minecraft:enchant.thorns.hit
[07:04:51] [Client thread/WARN]: Missing sound for event: minecraft:entity.armorstand.break
[07:04:51] [Client thread/WARN]: Missing sound for event: minecraft:entity.armorstand.fall
[07:04:51] [Client thread/WARN]: Missing sound for event: minecraft:entity.armorstand.hit
[07:04:51] [Client thread/WARN]: Missing sound for event: minecraft:entity.armorstand.place
[07:04:51] [Client thread/WARN]: Missing sound for event: minecraft:entity.arrow.hit
[07:04:51] [Client thread/WARN]: Missing sound for event: minecraft:entity.arrow.hit_player
[07:04:51] [Client thread/WARN]: Missing sound for event: minecraft:entity.arrow.shoot
[07:04:51] [Client thread/WARN]: Missing sound for event: minecraft:entity.bat.ambient
[07:04:51] [Client thread/WARN]: Missing sound for event: minecraft:entity.bat.death
[07:04:51] [Client thread/WARN]: Missing sound for event: minecraft:entity.bat.hurt
[07:04:51] [Client thread/WARN]: Missing sound for event: minecraft:entity.bat.loop
[07:04:51] [Client thread/WARN]: Missing sound for event: minecraft:entity.bat.takeoff
[07:04:51] [Client thread/WARN]: Missing sound for event: minecraft:entity.blaze.ambient
[07:04:51] [Client thread/WARN]: Missing sound for event: minecraft:entity.blaze.burn
[07:04:51] [Client thread/WARN]: Missing sound for event: minecraft:entity.blaze.death
[07:04:51] [Client thread/WARN]: Missing sound for event: minecraft:entity.blaze.hurt
[07:04:51] [Client thread/WARN]: Missing sound for event: minecraft:entity.blaze.shoot
[07:04:51] [Client thread/WARN]: Missing sound for event: minecraft:entity.bobber.splash
[07:04:51] [Client thread/WARN]: Missing sound for event: minecraft:entity.bobber.throw
[07:04:51] [Client thread/WARN]: Missing sound for event: minecraft:entity.cat.ambient
[07:04:51] [Client thread/WARN]: Missing sound for event: minecraft:entity.cat.death
[07:04:51] [Client thread/WARN]: Missing sound for event: minecraft:entity.cat.hiss
[07:04:51] [Client thread/WARN]: Missing sound for event: minecraft:entity.cat.hurt
[07:04:51] [Client thread/WARN]: Missing sound for event: minecraft:entity.cat.purr
[07:04:51] [Client thread/WARN]: Missing sound for event: minecraft:entity.cat.purreow
[07:04:51] [Client thread/WARN]: Missing sound for event: minecraft:entity.chicken.ambient
[07:04:51] [Client thread/WARN]: Missing sound for event: minecraft:entity.chicken.death
[07:04:51] [Client thread/WARN]: Missing sound for event: minecraft:entity.chicken.egg
[07:04:51] [Client thread/WARN]: Missing sound for event: minecraft:entity.chicken.hurt
[07:04:51] [Client thread/WARN]: Missing sound for event: minecraft:entity.chicken.step
[07:04:51] [Client thread/WARN]: Missing sound for event: minecraft:entity.cow.ambient
[07:04:51] [Client thread/WARN]: Missing sound for event: minecraft:entity.cow.death
[07:04:51] [Client thread/WARN]: Missing sound for event: minecraft:entity.cow.hurt
[07:04:51] [Client thread/WARN]: Missing sound for event: minecraft:entity.cow.milk
[07:04:51] [Client thread/WARN]: Missing sound for event: minecraft:entity.cow.step
[07:04:51] [Client thread/WARN]: Missing sound for event: minecraft:entity.creeper.death
[07:04:51] [Client thread/WARN]: Missing sound for event: minecraft:entity.creeper.hurt
[07:04:51] [Client thread/WARN]: Missing sound for event: minecraft:entity.creeper.primed
[07:04:51] [Client thread/WARN]: Missing sound for event: minecraft:entity.donkey.ambient
[07:04:51] [Client thread/WARN]: Missing sound for event: minecraft:entity.donkey.angry
[07:04:51] [Client thread/WARN]: Missing sound for event: minecraft:entity.donkey.chest
[07:04:51] [Client thread/WARN]: Missing sound for event: minecraft:entity.donkey.death
[07:04:51] [Client thread/WARN]: Missing sound for event: minecraft:entity.donkey.hurt
[07:04:51] [Client thread/WARN]: Missing sound for event: minecraft:entity.egg.throw
[07:04:51] [Client thread/WARN]: Missing sound for event: minecraft:entity.elder_guardian.ambient
[07:04:51] [Client thread/WARN]: Missing sound for event: minecraft:entity.elder_guardian.ambient_land
[07:04:51] [Client thread/WARN]: Missing sound for event: minecraft:entity.elder_guardian.curse
[07:04:51] [Client thread/WARN]: Missing sound for event: minecraft:entity.elder_guardian.death
[07:04:51] [Client thread/WARN]: Missing sound for event: minecraft:entity.elder_guardian.death_land
[07:04:51] [Client thread/WARN]: Missing sound for event: minecraft:entity.elder_guardian.hurt
[07:04:51] [Client thread/WARN]: Missing sound for event: minecraft:entity.elder_guardian.hurt_land
[07:04:51] [Client thread/WARN]: Missing sound for event: minecraft:entity.enderdragon.ambient
[07:04:51] [Client thread/WARN]: Missing sound for event: minecraft:entity.enderdragon.death
[07:04:51] [Client thread/WARN]: Missing sound for event: minecraft:entity.enderdragon.flap
[07:04:51] [Client thread/WARN]: Missing sound for event: minecraft:entity.enderdragon.growl
[07:04:51] [Client thread/WARN]: Missing sound for event: minecraft:entity.enderdragon.hurt
[07:04:51] [Client thread/WARN]: Missing sound for event: minecraft:entity.enderdragon.shoot
[07:04:51] [Client thread/WARN]: Missing sound for event: minecraft:entity.enderdragon_fireball.explode
[07:04:51] [Client thread/WARN]: Missing sound for event: minecraft:entity.endereye.launch
[07:04:51] [Client thread/WARN]: Missing sound for event: minecraft:entity.endermen.ambient
[07:04:51] [Client thread/WARN]: Missing sound for event: minecraft:entity.endermen.death
[07:04:51] [Client thread/WARN]: Missing sound for event: minecraft:entity.endermen.hurt
[07:04:51] [Client thread/WARN]: Missing sound for event: minecraft:entity.endermen.scream
[07:04:51] [Client thread/WARN]: Missing sound for event: minecraft:entity.endermen.stare
[07:04:51] [Client thread/WARN]: Missing sound for event: minecraft:entity.endermen.teleport
[07:04:51] [Client thread/WARN]: Missing sound for event: minecraft:entity.endermite.ambient
[07:04:51] [Client thread/WARN]: Missing sound for event: minecraft:entity.endermite.death
[07:04:51] [Client thread/WARN]: Missing sound for event: minecraft:entity.endermite.hurt
[07:04:51] [Client thread/WARN]: Missing sound for event: minecraft:entity.endermite.step
[07:04:51] [Client thread/WARN]: Missing sound for event: minecraft:entity.enderpearl.throw
[07:04:51] [Client thread/WARN]: Missing sound for event: minecraft:entity.experience_bottle.throw
[07:04:51] [Client thread/WARN]: Missing sound for event: minecraft:entity.experience_orb.pickup
[07:04:51] [Client thread/WARN]: Missing sound for event: minecraft:entity.experience_orb.touch
[07:04:51] [Client thread/WARN]: Missing sound for event: minecraft:entity.firework.blast
[07:04:51] [Client thread/WARN]: Missing sound for event: minecraft:entity.firework.blast_far
[07:04:51] [Client thread/WARN]: Missing sound for event: minecraft:entity.firework.large_blast
[07:04:51] [Client thread/WARN]: Missing sound for event: minecraft:entity.firework.large_blast_far
[07:04:51] [Client thread/WARN]: Missing sound for event: minecraft:entity.firework.launch
[07:04:51] [Client thread/WARN]: Missing sound for event: minecraft:entity.firework.shoot
[07:04:51] [Client thread/WARN]: Missing sound for event: minecraft:entity.firework.twinkle
[07:04:51] [Client thread/WARN]: Missing sound for event: minecraft:entity.firework.twinkle_far
[07:04:51] [Client thread/WARN]: Missing sound for event: minecraft:entity.generic.big_fall
[07:04:51] [Client thread/WARN]: Missing sound for event: minecraft:entity.generic.burn
[07:04:51] [Client thread/WARN]: Missing sound for event: minecraft:entity.generic.death
[07:04:51] [Client thread/WARN]: Missing sound for event: minecraft:entity.generic.drink
[07:04:51] [Client thread/WARN]: Missing sound for event: minecraft:entity.generic.eat
[07:04:51] [Client thread/WARN]: Missing sound for event: minecraft:entity.generic.explode
[07:04:51] [Client thread/WARN]: Missing sound for event: minecraft:entity.generic.extinguish_fire
[07:04:51] [Client thread/WARN]: Missing sound for event: minecraft:entity.generic.hurt
[07:04:51] [Client thread/WARN]: Missing sound for event: minecraft:entity.generic.small_fall
[07:04:51] [Client thread/WARN]: Missing sound for event: minecraft:entity.generic.splash
[07:04:51] [Client thread/WARN]: Missing sound for event: minecraft:entity.generic.swim
[07:04:51] [Client thread/WARN]: Missing sound for event: minecraft:entity.ghast.ambient
[07:04:51] [Client thread/WARN]: Missing sound for event: minecraft:entity.ghast.death
[07:04:51] [Client thread/WARN]: Missing sound for event: minecraft:entity.ghast.hurt
[07:04:51] [Client thread/WARN]: Missing sound for event: minecraft:entity.ghast.scream
[07:04:51] [Client thread/WARN]: Missing sound for event: minecraft:entity.ghast.shoot
[07:04:51] [Client thread/WARN]: Missing sound for event: minecraft:entity.ghast.warn
[07:04:51] [Client thread/WARN]: Missing sound for event: minecraft:entity.guardian.ambient
[07:04:51] [Client thread/WARN]: Missing sound for event: minecraft:entity.guardian.ambient_land
[07:04:51] [Client thread/WARN]: Missing sound for event: minecraft:entity.guardian.attack
[07:04:51] [Client thread/WARN]: Missing sound for event: minecraft:entity.guardian.death
[07:04:51] [Client thread/WARN]: Missing sound for event: minecraft:entity.guardian.death_land
[07:04:51] [Client thread/WARN]: Missing sound for event: minecraft:entity.guardian.flop
[07:04:51] [Client thread/WARN]: Missing sound for event: minecraft:entity.guardian.hurt
[07:04:51] [Client thread/WARN]: Missing sound for event: minecraft:entity.guardian.hurt_land
[07:04:51] [Client thread/WARN]: Missing sound for event: minecraft:entity.horse.ambient
[07:04:51] [Client thread/WARN]: Missing sound for event: minecraft:entity.horse.angry
[07:04:51] [Client thread/WARN]: Missing sound for event: minecraft:entity.horse.armor
[07:04:51] [Client thread/WARN]: Missing sound for event: minecraft:entity.horse.breathe
[07:04:51] [Client thread/WARN]: Missing sound for event: minecraft:entity.horse.death
[07:04:51] [Client thread/WARN]: Missing sound for event: minecraft:entity.horse.eat
[07:04:51] [Client thread/WARN]: Missing sound for event: minecraft:entity.horse.gallop
[07:04:51] [Client thread/WARN]: Missing sound for event: minecraft:entity.horse.hurt
[07:04:51] [Client thread/WARN]: Missing sound for event: minecraft:entity.horse.jump
[07:04:51] [Client thread/WARN]: Missing sound for event: minecraft:entity.horse.land
[07:04:51] [Client thread/WARN]: Missing sound for event: minecraft:entity.horse.saddle
[07:04:51] [Client thread/WARN]: Missing sound for event: minecraft:entity.horse.step
[07:04:51] [Client thread/WARN]: Missing sound for event: minecraft:entity.horse.step_wood
[07:04:51] [Client thread/WARN]: Missing sound for event: minecraft:entity.hostile.big_fall
[07:04:51] [Client thread/WARN]: Missing sound for event: minecraft:entity.hostile.death
[07:04:51] [Client thread/WARN]: Missing sound for event: minecraft:entity.hostile.hurt
[07:04:51] [Client thread/WARN]: Missing sound for event: minecraft:entity.hostile.small_fall
[07:04:51] [Client thread/WARN]: Missing sound for event: minecraft:entity.hostile.splash
[07:04:51] [Client thread/WARN]: Missing sound for event: minecraft:entity.hostile.swim
[07:04:51] [Client thread/WARN]: Missing sound for event: minecraft:entity.irongolem.attack
[07:04:51] [Client thread/WARN]: Missing sound for event: minecraft:entity.irongolem.death
[07:04:51] [Client thread/WARN]: Missing sound for event: minecraft:entity.irongolem.hurt
[07:04:51] [Client thread/WARN]: Missing sound for event: minecraft:entity.irongolem.step
[07:04:51] [Client thread/WARN]: Missing sound for event: minecraft:entity.item.break
[07:04:51] [Client thread/WARN]: Missing sound for event: minecraft:entity.item.pickup
[07:04:51] [Client thread/WARN]: Missing sound for event: minecraft:entity.itemframe.add_item
[07:04:51] [Client thread/WARN]: Missing sound for event: minecraft:entity.itemframe.break
[07:04:51] [Client thread/WARN]: Missing sound for event: minecraft:entity.itemframe.place
[07:04:51] [Client thread/WARN]: Missing sound for event: minecraft:entity.itemframe.remove_item
[07:04:51] [Client thread/WARN]: Missing sound for event: minecraft:entity.itemframe.rotate_item
[07:04:51] [Client thread/WARN]: Missing sound for event: minecraft:entity.leashknot.break
[07:04:51] [Client thread/WARN]: Missing sound for event: minecraft:entity.leashknot.place
[07:04:51] [Client thread/WARN]: Missing sound for event: minecraft:entity.lightning.impact
[07:04:51] [Client thread/WARN]: Missing sound for event: minecraft:entity.lightning.thunder
[07:04:51] [Client thread/WARN]: Missing sound for event: minecraft:entity.lingeringpotion.throw
[07:04:51] [Client thread/WARN]: Missing sound for event: minecraft:entity.magmacube.death
[07:04:51] [Client thread/WARN]: Missing sound for event: minecraft:entity.magmacube.hurt
[07:04:51] [Client thread/WARN]: Missing sound for event: minecraft:entity.magmacube.jump
[07:04:51] [Client thread/WARN]: Missing sound for event: minecraft:entity.magmacube.squish
[07:04:51] [Client thread/WARN]: Missing sound for event: minecraft:entity.minecart.inside
[07:04:51] [Client thread/WARN]: Missing sound for event: minecraft:entity.minecart.riding
[07:04:51] [Client thread/WARN]: Missing sound for event: minecraft:entity.mooshroom.shear
[07:04:51] [Client thread/WARN]: Missing sound for event: minecraft:entity.mule.ambient
[07:04:51] [Client thread/WARN]: Missing sound for event: minecraft:entity.mule.death
[07:04:51] [Client thread/WARN]: Missing sound for event: minecraft:entity.mule.hurt
[07:04:51] [Client thread/WARN]: Missing sound for event: minecraft:entity.painting.break
[07:04:51] [Client thread/WARN]: Missing sound for event: minecraft:entity.painting.place
[07:04:51] [Client thread/WARN]: Missing sound for event: minecraft:entity.pig.ambient
[07:04:51] [Client thread/WARN]: Missing sound for event: minecraft:entity.pig.death
[07:04:51] [Client thread/WARN]: Missing sound for event: minecraft:entity.pig.hurt
[07:04:51] [Client thread/WARN]: Missing sound for event: minecraft:entity.pig.saddle
[07:04:51] [Client thread/WARN]: Missing sound for event: minecraft:entity.pig.step
[07:04:51] [Client thread/WARN]: Missing sound for event: minecraft:entity.player.attack.crit
[07:04:51] [Client thread/WARN]: Missing sound for event: minecraft:entity.player.attack.knockback
[07:04:51] [Client thread/WARN]: Missing sound for event: minecraft:entity.player.attack.nodamage
[07:04:51] [Client thread/WARN]: Missing sound for event: minecraft:entity.player.attack.strong
[07:04:51] [Client thread/WARN]: Missing sound for event: minecraft:entity.player.attack.sweep
[07:04:51] [Client thread/WARN]: Missing sound for event: minecraft:entity.player.attack.weak
[07:04:51] [Client thread/WARN]: Missing sound for event: minecraft:entity.player.big_fall
[07:04:51] [Client thread/WARN]: Missing sound for event: minecraft:entity.player.breath
[07:04:51] [Client thread/WARN]: Missing sound for event: minecraft:entity.player.burp
[07:04:51] [Client thread/WARN]: Missing sound for event: minecraft:entity.player.death
[07:04:51] [Client thread/WARN]: Missing sound for event: minecraft:entity.player.hurt
[07:04:51] [Client thread/WARN]: Missing sound for event: minecraft:entity.player.levelup
[07:04:51] [Client thread/WARN]: Missing sound for event: minecraft:entity.player.small_fall
[07:04:51] [Client thread/WARN]: Missing sound for event: minecraft:entity.player.splash
[07:04:51] [Client thread/WARN]: Missing sound for event: minecraft:entity.player.swim
[07:04:51] [Client thread/WARN]: Missing sound for event: minecraft:entity.rabbit.ambient
[07:04:51] [Client thread/WARN]: Missing sound for event: minecraft:entity.rabbit.attack
[07:04:51] [Client thread/WARN]: Missing sound for event: minecraft:entity.rabbit.death
[07:04:51] [Client thread/WARN]: Missing sound for event: minecraft:entity.rabbit.hurt
[07:04:51] [Client thread/WARN]: Missing sound for event: minecraft:entity.rabbit.jump
[07:04:51] [Client thread/WARN]: Missing sound for event: minecraft:entity.sheep.ambient
[07:04:51] [Client thread/WARN]: Missing sound for event: minecraft:entity.sheep.death
[07:04:51] [Client thread/WARN]: Missing sound for event: minecraft:entity.sheep.hurt
[07:04:51] [Client thread/WARN]: Missing sound for event: minecraft:entity.sheep.shear
[07:04:51] [Client thread/WARN]: Missing sound for event: minecraft:entity.sheep.step
[07:04:51] [Client thread/WARN]: Missing sound for event: minecraft:entity.shulker.ambient
[07:04:51] [Client thread/WARN]: Missing sound for event: minecraft:entity.shulker.close
[07:04:51] [Client thread/WARN]: Missing sound for event: minecraft:entity.shulker.death
[07:04:51] [Client thread/WARN]: Missing sound for event: minecraft:entity.shulker.hurt
[07:04:51] [Client thread/WARN]: Missing sound for event: minecraft:entity.shulker.hurt_closed
[07:04:51] [Client thread/WARN]: Missing sound for event: minecraft:entity.shulker.open
[07:04:51] [Client thread/WARN]: Missing sound for event: minecraft:entity.shulker.shoot
[07:04:51] [Client thread/WARN]: Missing sound for event: minecraft:entity.shulker.teleport
[07:04:51] [Client thread/WARN]: Missing sound for event: minecraft:entity.shulker_bullet.hit
[07:04:51] [Client thread/WARN]: Missing sound for event: minecraft:entity.shulker_bullet.hurt
[07:04:51] [Client thread/WARN]: Missing sound for event: minecraft:entity.silverfish.ambient
[07:04:51] [Client thread/WARN]: Missing sound for event: minecraft:entity.silverfish.death
[07:04:51] [Client thread/WARN]: Missing sound for event: minecraft:entity.silverfish.hurt
[07:04:51] [Client thread/WARN]: Missing sound for event: minecraft:entity.silverfish.step
[07:04:51] [Client thread/WARN]: Missing sound for event: minecraft:entity.skeleton.ambient
[07:04:51] [Client thread/WARN]: Missing sound for event: minecraft:entity.skeleton.death
[07:04:51] [Client thread/WARN]: Missing sound for event: minecraft:entity.skeleton.hurt
[07:04:51] [Client thread/WARN]: Missing sound for event: minecraft:entity.skeleton.shoot
[07:04:51] [Client thread/WARN]: Missing sound for event: minecraft:entity.skeleton.step
[07:04:51] [Client thread/WARN]: Missing sound for event: minecraft:entity.skeleton_horse.ambient
[07:04:51] [Client thread/WARN]: Missing sound for event: minecraft:entity.skeleton_horse.death
[07:04:51] [Client thread/WARN]: Missing sound for event: minecraft:entity.skeleton_horse.hurt
[07:04:51] [Client thread/WARN]: Missing sound for event: minecraft:entity.slime.attack
[07:04:51] [Client thread/WARN]: Missing sound for event: minecraft:entity.slime.death
[07:04:51] [Client thread/WARN]: Missing sound for event: minecraft:entity.slime.hurt
[07:04:51] [Client thread/WARN]: Missing sound for event: minecraft:entity.slime.jump
[07:04:51] [Client thread/WARN]: Missing sound for event: minecraft:entity.slime.squish
[07:04:51] [Client thread/WARN]: Missing sound for event: minecraft:entity.small_magmacube.death
[07:04:51] [Client thread/WARN]: Missing sound for event: minecraft:entity.small_magmacube.hurt
[07:04:51] [Client thread/WARN]: Missing sound for event: minecraft:entity.small_magmacube.squish
[07:04:51] [Client thread/WARN]: Missing sound for event: minecraft:entity.small_slime.death
[07:04:51] [Client thread/WARN]: Missing sound for event: minecraft:entity.small_slime.hurt
[07:04:51] [Client thread/WARN]: Missing sound for event: minecraft:entity.small_slime.jump
[07:04:51] [Client thread/WARN]: Missing sound for event: minecraft:entity.small_slime.squish
[07:04:51] [Client thread/WARN]: Missing sound for event: minecraft:entity.snowball.throw
[07:04:51] [Client thread/WARN]: Missing sound for event: minecraft:entity.snowman.ambient
[07:04:51] [Client thread/WARN]: Missing sound for event: minecraft:entity.snowman.death
[07:04:51] [Client thread/WARN]: Missing sound for event: minecraft:entity.snowman.hurt
[07:04:51] [Client thread/WARN]: Missing sound for event: minecraft:entity.snowman.shoot
[07:04:51] [Client thread/WARN]: Missing sound for event: minecraft:entity.spider.ambient
[07:04:51] [Client thread/WARN]: Missing sound for event: minecraft:entity.spider.death
[07:04:51] [Client thread/WARN]: Missing sound for event: minecraft:entity.spider.hurt
[07:04:51] [Client thread/WARN]: Missing sound for event: minecraft:entity.spider.step
[07:04:51] [Client thread/WARN]: Missing sound for event: minecraft:entity.splash_potion.break
[07:04:51] [Client thread/WARN]: Missing sound for event: minecraft:entity.splash_potion.throw
[07:04:51] [Client thread/WARN]: Missing sound for event: minecraft:entity.squid.ambient
[07:04:51] [Client thread/WARN]: Missing sound for event: minecraft:entity.squid.death
[07:04:51] [Client thread/WARN]: Missing sound for event: minecraft:entity.squid.hurt
[07:04:51] [Client thread/WARN]: Missing sound for event: minecraft:entity.tnt.primed
[07:04:51] [Client thread/WARN]: Missing sound for event: minecraft:entity.villager.ambient
[07:04:51] [Client thread/WARN]: Missing sound for event: minecraft:entity.villager.death
[07:04:51] [Client thread/WARN]: Missing sound for event: minecraft:entity.villager.hurt
[07:04:51] [Client thread/WARN]: Missing sound for event: minecraft:entity.villager.no
[07:04:51] [Client thread/WARN]: Missing sound for event: minecraft:entity.villager.trading
[07:04:51] [Client thread/WARN]: Missing sound for event: minecraft:entity.villager.yes
[07:04:51] [Client thread/WARN]: Missing sound for event: minecraft:entity.witch.ambient
[07:04:51] [Client thread/WARN]: Missing sound for event: minecraft:entity.witch.death
[07:04:51] [Client thread/WARN]: Missing sound for event: minecraft:entity.witch.drink
[07:04:51] [Client thread/WARN]: Missing sound for event: minecraft:entity.witch.hurt
[07:04:51] [Client thread/WARN]: Missing sound for event: minecraft:entity.witch.throw
[07:04:51] [Client thread/WARN]: Missing sound for event: minecraft:entity.wither.ambient
[07:04:51] [Client thread/WARN]: Missing sound for event: minecraft:entity.wither.break_block
[07:04:51] [Client thread/WARN]: Missing sound for event: minecraft:entity.wither.death
[07:04:51] [Client thread/WARN]: Missing sound for event: minecraft:entity.wither.hurt
[07:04:51] [Client thread/WARN]: Missing sound for event: minecraft:entity.wither.shoot
[07:04:51] [Client thread/WARN]: Missing sound for event: minecraft:entity.wither.spawn
[07:04:51] [Client thread/WARN]: Missing sound for event: minecraft:entity.wolf.ambient
[07:04:51] [Client thread/WARN]: Missing sound for event: minecraft:entity.wolf.death
[07:04:51] [Client thread/WARN]: Missing sound for event: minecraft:entity.wolf.growl
[07:04:51] [Client thread/WARN]: Missing sound for event: minecraft:entity.wolf.howl
[07:04:51] [Client thread/WARN]: Missing sound for event: minecraft:entity.wolf.hurt
[07:04:51] [Client thread/WARN]: Missing sound for event: minecraft:entity.wolf.pant
[07:04:51] [Client thread/WARN]: Missing sound for event: minecraft:entity.wolf.shake
[07:04:51] [Client thread/WARN]: Missing sound for event: minecraft:entity.wolf.step
[07:04:51] [Client thread/WARN]: Missing sound for event: minecraft:entity.wolf.whine
[07:04:51] [Client thread/WARN]: Missing sound for event: minecraft:entity.zombie.ambient
[07:04:51] [Client thread/WARN]: Missing sound for event: minecraft:entity.zombie.attack_door_wood
[07:04:51] [Client thread/WARN]: Missing sound for event: minecraft:entity.zombie.attack_iron_door
[07:04:51] [Client thread/WARN]: Missing sound for event: minecraft:entity.zombie.break_door_wood
[07:04:51] [Client thread/WARN]: Missing sound for event: minecraft:entity.zombie.death
[07:04:51] [Client thread/WARN]: Missing sound for event: minecraft:entity.zombie.hurt
[07:04:51] [Client thread/WARN]: Missing sound for event: minecraft:entity.zombie.infect
[07:04:51] [Client thread/WARN]: Missing sound for event: minecraft:entity.zombie.step
[07:04:51] [Client thread/WARN]: Missing sound for event: minecraft:entity.zombie_horse.ambient
[07:04:51] [Client thread/WARN]: Missing sound for event: minecraft:entity.zombie_horse.death
[07:04:51] [Client thread/WARN]: Missing sound for event: minecraft:entity.zombie_horse.hurt
[07:04:51] [Client thread/WARN]: Missing sound for event: minecraft:entity.zombie_pig.ambient
[07:04:51] [Client thread/WARN]: Missing sound for event: minecraft:entity.zombie_pig.angry
[07:04:51] [Client thread/WARN]: Missing sound for event: minecraft:entity.zombie_pig.death
[07:04:51] [Client thread/WARN]: Missing sound for event: minecraft:entity.zombie_pig.hurt
[07:04:51] [Client thread/WARN]: Missing sound for event: minecraft:entity.zombie_villager.ambient
[07:04:51] [Client thread/WARN]: Missing sound for event: minecraft:entity.zombie_villager.converted
[07:04:51] [Client thread/WARN]: Missing sound for event: minecraft:entity.zombie_villager.cure
[07:04:51] [Client thread/WARN]: Missing sound for event: minecraft:entity.zombie_villager.death
[07:04:51] [Client thread/WARN]: Missing sound for event: minecraft:entity.zombie_villager.hurt
[07:04:51] [Client thread/WARN]: Missing sound for event: minecraft:entity.zombie_villager.step
[07:04:51] [Client thread/WARN]: Missing sound for event: minecraft:item.armor.equip_chain
[07:04:51] [Client thread/WARN]: Missing sound for event: minecraft:item.armor.equip_diamond
[07:04:51] [Client thread/WARN]: Missing sound for event: minecraft:item.armor.equip_generic
[07:04:51] [Client thread/WARN]: Missing sound for event: minecraft:item.armor.equip_gold
[07:04:51] [Client thread/WARN]: Missing sound for event: minecraft:item.armor.equip_iron
[07:04:51] [Client thread/WARN]: Missing sound for event: minecraft:item.armor.equip_leather
[07:04:51] [Client thread/WARN]: Missing sound for event: minecraft:item.bottle.fill
[07:04:51] [Client thread/WARN]: Missing sound for event: minecraft:item.bottle.fill_dragonbreath
[07:04:51] [Client thread/WARN]: Missing sound for event: minecraft:item.bucket.empty
[07:04:51] [Client thread/WARN]: Missing sound for event: minecraft:item.bucket.empty_lava
[07:04:51] [Client thread/WARN]: Missing sound for event: minecraft:item.bucket.fill
[07:04:51] [Client thread/WARN]: Missing sound for event: minecraft:item.bucket.fill_lava
[07:04:51] [Client thread/WARN]: Missing sound for event: minecraft:item.chorus_fruit.teleport
[07:04:51] [Client thread/WARN]: Missing sound for event: minecraft:item.elytra.flying
[07:04:51] [Client thread/WARN]: Missing sound for event: minecraft:item.firecharge.use
[07:04:51] [Client thread/WARN]: Missing sound for event: minecraft:item.flintandsteel.use
[07:04:51] [Client thread/WARN]: Missing sound for event: minecraft:item.hoe.till
[07:04:51] [Client thread/WARN]: Missing sound for event: minecraft:item.shield.block
[07:04:51] [Client thread/WARN]: Missing sound for event: minecraft:item.shield.break
[07:04:51] [Client thread/WARN]: Missing sound for event: minecraft:item.shovel.flatten
[07:04:51] [Client thread/WARN]: Missing sound for event: minecraft:music.creative
[07:04:51] [Client thread/WARN]: Missing sound for event: minecraft:music.credits
[07:04:51] [Client thread/WARN]: Missing sound for event: minecraft:music.dragon
[07:04:51] [Client thread/WARN]: Missing sound for event: minecraft:music.end
[07:04:51] [Client thread/WARN]: Missing sound for event: minecraft:music.game
[07:04:51] [Client thread/WARN]: Missing sound for event: minecraft:music.menu
[07:04:51] [Client thread/WARN]: Missing sound for event: minecraft:music.nether
[07:04:51] [Client thread/WARN]: Missing sound for event: minecraft:record.11
[07:04:51] [Client thread/WARN]: Missing sound for event: minecraft:record.13
[07:04:51] [Client thread/WARN]: Missing sound for event: minecraft:record.blocks
[07:04:51] [Client thread/WARN]: Missing sound for event: minecraft:record.cat
[07:04:51] [Client thread/WARN]: Missing sound for event: minecraft:record.chirp
[07:04:51] [Client thread/WARN]: Missing sound for event: minecraft:record.far
[07:04:51] [Client thread/WARN]: Missing sound for event: minecraft:record.mall
[07:04:51] [Client thread/WARN]: Missing sound for event: minecraft:record.mellohi
[07:04:51] [Client thread/WARN]: Missing sound for event: minecraft:record.stal
[07:04:51] [Client thread/WARN]: Missing sound for event: minecraft:record.strad
[07:04:51] [Client thread/WARN]: Missing sound for event: minecraft:record.wait
[07:04:51] [Client thread/WARN]: Missing sound for event: minecraft:record.ward
[07:04:51] [Client thread/WARN]: Missing sound for event: minecraft:ui.button.click
[07:04:51] [Client thread/WARN]: Missing sound for event: minecraft:weather.rain
[07:04:51] [Client thread/WARN]: Missing sound for event: minecraft:weather.rain.above
[07:04:51] [Sound Library Loader/INFO]: Starting up SoundSystem...
[07:04:51] [Thread-5/INFO]: Initializing LWJGL OpenAL
[07:04:51] [Thread-5/INFO]: (The LWJGL binding of OpenAL.  For more information, see http://www.lwjgl.org)
[07:04:51] [Thread-5/INFO]: OpenAL initialized.
[07:04:52] [Sound Library Loader/INFO]: Sound engine started
[07:04:52] [Client thread/INFO]: Created: 1024x512 textures-atlas
[07:04:54] [Realms Notification Availability checker #1/INFO]: Could not authorize you against Realms server: Invalid session id
[07:04:57] [Server thread/INFO]: Starting integrated minecraft server version 1.9.4
[07:04:57] [Server thread/INFO]: Generating keypair
[07:04:57] [Server thread/INFO]: Preparing start region for level 0
[07:04:58] [Server thread/INFO]: Preparing spawn area: 96%
[07:04:58] [Server thread/INFO]: Changing view distance to 12, from 10
[07:04:58] [Server thread/INFO]: Player223[local:E:48dc4353] logged in with entity id 151 at (579.0184913142498, 68.0, 295.2063224037327)
[07:04:58] [Server thread/INFO]: Player223 joined the game
[07:05:06] [Server thread/INFO]: Saving and pausing game...
[07:05:06] [Server thread/INFO]: Saving chunks for level 'mcpworld'/Overworld
[07:05:06] [Server thread/INFO]: Saving chunks for level 'mcpworld'/Nether
[07:05:06] [Server thread/INFO]: Saving chunks for level 'mcpworld'/The End
[07:07:04] [Server thread/INFO]: Saving and pausing game...
[07:07:04] [Server thread/INFO]: Saving chunks for level 'mcpworld'/Overworld
[07:07:04] [Server thread/INFO]: Saving chunks for level 'mcpworld'/Nether
[07:07:04] [Server thread/INFO]: Saving chunks for level 'mcpworld'/The End
